[2017-06-13 16:09:07.028] [TRACE] common - GET /api/v1/collection/list/1
[2017-06-13 16:09:07.107] [TRACE] common - GET /api/v1/collection/list/2
[2017-06-13 16:09:07.185] [TRACE] common - POST /api/v1/collection/
[2017-06-13 16:09:07.202] [TRACE] common - GET /api/v1/collection/list/1?limit=999
[2017-06-13 16:09:34.353] [TRACE] common - GET /api/v1/collection/list/1
[2017-06-13 16:09:34.391] [TRACE] common - GET /api/v1/collection/list/2
[2017-06-13 16:09:34.418] [TRACE] common - POST /api/v1/collection/
[2017-06-13 16:09:34.435] [TRACE] common - GET /api/v1/collection/list/1?limit=999
[2017-06-13 16:09:34.443] [TRACE] common - GET /api/v1/collection/593f9dbec70cb6115fe21630
[2017-06-13 16:09:59.214] [TRACE] common - GET /api/v1/collection/list/1
[2017-06-13 16:09:59.238] [TRACE] common - GET /api/v1/collection/list/2
[2017-06-13 16:09:59.250] [TRACE] common - POST /api/v1/collection/
[2017-06-13 16:09:59.255] [TRACE] common - GET /api/v1/collection/list/1?limit=999
[2017-06-13 16:09:59.263] [TRACE] common - GET /api/v1/collection/593f9dd7c70cb6115fe21631
[2017-06-13 16:10:15.531] [TRACE] common - GET /api/v1/collection/593f9dd7c70cb6115fe21631
[2017-06-13 16:17:56.919] [TRACE] common - GET /api/v1/collection/list/1
[2017-06-13 16:17:56.961] [TRACE] common - GET /api/v1/collection/list/2
[2017-06-13 16:17:56.990] [TRACE] common - POST /api/v1/collection/
[2017-06-13 16:17:57.011] [TRACE] common - GET /api/v1/collection/list/1?limit=999
[2017-06-13 16:17:57.023] [TRACE] common - GET /api/v1/collection/593f9fb4879bea11bc7fcc1f
[2017-06-13 16:18:12.266] [TRACE] common - GET /api/v1/collection/list/1
[2017-06-13 16:18:12.284] [TRACE] common - GET /api/v1/collection/list/2
[2017-06-13 16:18:12.294] [TRACE] common - POST /api/v1/collection/
[2017-06-13 16:18:12.299] [TRACE] common - GET /api/v1/collection/list/1?limit=999
[2017-06-13 16:18:12.309] [TRACE] common - GET /api/v1/collection/593f9fc4879bea11bc7fcc20
[2017-06-13 16:19:50.725] [TRACE] common - GET /api/v1/collection/list/1
[2017-06-13 16:19:50.742] [TRACE] common - GET /api/v1/collection/list/2
[2017-06-13 16:19:50.757] [TRACE] common - POST /api/v1/collection/
[2017-06-13 16:19:50.761] [TRACE] common - GET /api/v1/collection/list/1?limit=999
[2017-06-13 16:19:50.772] [TRACE] common - GET /api/v1/collection/593fa026879bea11bc7fcc21
[2017-06-13 16:20:44.418] [TRACE] common - GET /api/v1/collection/list/1
[2017-06-13 16:20:44.448] [TRACE] common - GET /api/v1/collection/list/2
[2017-06-13 16:20:44.475] [TRACE] common - POST /api/v1/collection/
[2017-06-13 16:20:44.493] [TRACE] common - GET /api/v1/collection/list/1?limit=999
[2017-06-13 16:20:44.503] [TRACE] common - GET /api/v1/collection/593fa05c53dc3511e5062ac1
[2017-06-13 16:24:37.348] [TRACE] common - GET /api/v1/collection/list/1
[2017-06-13 16:24:37.382] [TRACE] common - GET /api/v1/collection/list/2
[2017-06-13 16:24:37.416] [TRACE] common - POST /api/v1/collection/
[2017-06-13 16:24:37.434] [TRACE] common - GET /api/v1/collection/list/1?limit=999
[2017-06-13 16:24:37.457] [TRACE] common - GET /api/v1/collection/593fa145fb8c0d121153d778
[2017-06-13 16:25:17.212] [TRACE] common - GET /api/v1/collection/list/1
[2017-06-13 16:25:17.242] [TRACE] common - GET /api/v1/collection/list/2
[2017-06-13 16:25:17.279] [TRACE] common - POST /api/v1/collection/
[2017-06-13 16:25:17.296] [TRACE] common - GET /api/v1/collection/list/1?limit=999
[2017-06-13 16:25:17.304] [TRACE] common - GET /api/v1/collection/593fa16d1d07db1225678297
[2017-06-13 16:30:51.523] [TRACE] common - GET /api/v1/endpoint/5937cd448726ea2b4f34b5fd
[2017-06-13 16:31:03.338] [TRACE] common - POST /api/v1/endpoint/5937cd448726ea2b4f34b5fd
[2017-06-13 16:31:06.288] [TRACE] common - GET /api/v1/endpoint/5937cd448726ea2b4f34b5fd
[2017-06-13 16:32:11.648] [TRACE] common - GET /api/v1/collection/list/1
[2017-06-13 16:32:11.666] [TRACE] common - GET /api/v1/collection/list/2
[2017-06-13 16:32:11.676] [TRACE] common - POST /api/v1/collection/
[2017-06-13 16:32:11.693] [TRACE] common - GET /api/v1/collection/list/1?limit=999
[2017-06-13 16:32:11.704] [TRACE] common - GET /api/v1/collection/593fa30b6021d51249d68231
[2017-06-13 16:32:28.181] [TRACE] common - GET /api/v1/collection/list/1
[2017-06-13 16:32:28.199] [TRACE] common - GET /api/v1/collection/list/2
[2017-06-13 16:32:28.208] [TRACE] common - POST /api/v1/collection/
[2017-06-13 16:32:28.213] [TRACE] common - GET /api/v1/collection/list/1?limit=999
[2017-06-13 16:32:28.225] [TRACE] common - GET /api/v1/collection/593fa31c6021d51249d68232
[2017-06-13 16:32:36.500] [TRACE] common - GET /api/v1/collection/list/1
[2017-06-13 16:32:36.525] [TRACE] common - GET /api/v1/collection/list/2
[2017-06-13 16:32:36.541] [TRACE] common - POST /api/v1/collection/
[2017-06-13 16:32:36.548] [TRACE] common - GET /api/v1/collection/list/1?limit=999
[2017-06-13 16:32:36.561] [TRACE] common - GET /api/v1/collection/593fa3246021d51249d68233
[2017-06-13 16:32:51.214] [TRACE] common - GET /api/v1/collection/list/1
[2017-06-13 16:32:51.220] [TRACE] common - GET /api/v1/collection/list/2
[2017-06-13 16:32:51.229] [TRACE] common - POST /api/v1/collection/
[2017-06-13 16:32:51.233] [TRACE] common - GET /api/v1/collection/list/1?limit=999
[2017-06-13 16:32:51.240] [TRACE] common - GET /api/v1/collection/593fa3336021d51249d68234
[2017-06-13 16:33:47.109] [TRACE] common - GET /api/v1/collection/list/1
[2017-06-13 16:33:47.126] [TRACE] common - GET /api/v1/collection/list/1
[2017-06-13 16:33:47.137] [TRACE] common - GET /api/v1/collection/list/2
[2017-06-13 16:33:47.145] [TRACE] common - POST /api/v1/collection/
[2017-06-13 16:33:47.150] [TRACE] common - GET /api/v1/collection/list/1?limit=999
[2017-06-13 16:33:47.156] [TRACE] common - GET /api/v1/collection/593fa36b6021d51249d68235
[2017-06-13 16:35:28.890] [TRACE] common - GET /api/v1/collection/list/1
[2017-06-13 16:35:28.914] [TRACE] common - GET /api/v1/collection/list/1
[2017-06-13 16:35:28.920] [TRACE] common - GET /api/v1/collection/list/2
[2017-06-13 16:35:28.928] [TRACE] common - POST /api/v1/collection/
[2017-06-13 16:35:28.932] [TRACE] common - GET /api/v1/collection/list/1?limit=999
[2017-06-13 16:35:28.939] [TRACE] common - GET /api/v1/collection/593fa3d06021d51249d68236
[2017-06-13 16:37:58.410] [TRACE] common - GET /api/v1/collection/list/1
[2017-06-13 16:37:58.428] [TRACE] common - GET /api/v1/collection/list/1
[2017-06-13 16:37:58.433] [TRACE] common - GET /api/v1/collection/list/2
[2017-06-13 16:37:58.438] [TRACE] common - POST /api/v1/collection/
[2017-06-13 16:37:58.443] [TRACE] common - GET /api/v1/collection/list/1?limit=999
[2017-06-13 16:37:58.452] [TRACE] common - GET /api/v1/collection/593fa4666021d51249d68237
[2017-06-13 16:38:24.059] [TRACE] common - GET /api/v1/collection/list/1
[2017-06-13 16:38:24.075] [TRACE] common - GET /api/v1/collection/list/1
[2017-06-13 16:38:24.081] [TRACE] common - GET /api/v1/collection/list/2
[2017-06-13 16:38:24.087] [TRACE] common - POST /api/v1/collection/
[2017-06-13 16:38:24.091] [TRACE] common - GET /api/v1/collection/list/1?limit=999
[2017-06-13 16:38:24.096] [TRACE] common - GET /api/v1/collection/593fa4806021d51249d68238
[2017-06-13 16:38:49.842] [TRACE] common - GET /api/v1/collection/list/1
[2017-06-13 16:38:49.867] [TRACE] common - GET /api/v1/collection/list/1
[2017-06-13 16:38:49.873] [TRACE] common - GET /api/v1/collection/list/2
[2017-06-13 16:38:49.880] [TRACE] common - POST /api/v1/collection/
[2017-06-13 16:38:49.886] [TRACE] common - GET /api/v1/collection/list/1?limit=999
[2017-06-13 16:38:49.891] [TRACE] common - GET /api/v1/collection/593fa4996021d51249d68239
[2017-06-13 16:40:45.541] [TRACE] common - GET /api/v1/collection/list/1
[2017-06-13 16:40:45.558] [TRACE] common - POST /api/v1/endpoint/
[2017-06-13 16:40:45.571] [TRACE] common - GET /api/v1/collection/list/1
[2017-06-13 16:40:45.575] [TRACE] common - GET /api/v1/collection/list/2
[2017-06-13 16:40:45.580] [TRACE] common - POST /api/v1/collection/
[2017-06-13 16:40:45.585] [TRACE] common - GET /api/v1/collection/list/1?limit=999
[2017-06-13 16:40:45.589] [TRACE] common - GET /api/v1/collection/593fa50d6021d51249d6823c
[2017-06-13 16:45:23.531] [TRACE] common - POST /api/v1/endpoint/undefined
[2017-06-13 16:45:23.554] [TRACE] common - GET /api/v1/collection/list/1
[2017-06-13 16:45:23.560] [TRACE] common - POST /api/v1/endpoint/
[2017-06-13 16:45:23.573] [TRACE] common - GET /api/v1/collection/list/1
[2017-06-13 16:45:23.579] [TRACE] common - GET /api/v1/collection/list/2
[2017-06-13 16:45:23.586] [TRACE] common - POST /api/v1/collection/
[2017-06-13 16:45:23.590] [TRACE] common - GET /api/v1/collection/list/1?limit=999
[2017-06-13 16:45:23.595] [TRACE] common - GET /api/v1/collection/593fa6236021d51249d6823f
[2017-06-13 16:45:47.219] [TRACE] common - GET /api/v1/collection/list/1
[2017-06-13 16:45:47.237] [TRACE] common - POST /api/v1/endpoint/
[2017-06-13 16:45:47.243] [TRACE] common - POST /api/v1/endpoint/593fa63b6021d51249d68240
[2017-06-13 16:45:47.393] [TRACE] common - GET /api/v1/collection/list/1
[2017-06-13 16:45:47.397] [TRACE] common - GET /api/v1/collection/list/2
[2017-06-13 16:45:47.401] [TRACE] common - POST /api/v1/collection/
[2017-06-13 16:45:47.405] [TRACE] common - GET /api/v1/collection/list/1?limit=999
[2017-06-13 16:45:47.409] [TRACE] common - GET /api/v1/collection/593fa63b6021d51249d68242
[2017-06-13 16:48:18.047] [TRACE] common - GET /api/v1/collection/list/1
[2017-06-13 16:48:18.064] [TRACE] common - POST /api/v1/endpoint/
[2017-06-13 16:48:18.073] [TRACE] common - POST /api/v1/endpoint/593fa6d26021d51249d68243
[2017-06-13 16:48:18.212] [TRACE] common - GET /api/v1/endpoint/593fa6d26021d51249d68243
[2017-06-13 16:48:18.218] [TRACE] common - GET /api/v1/collection/list/1
[2017-06-13 16:48:18.222] [TRACE] common - GET /api/v1/collection/list/2
[2017-06-13 16:48:18.227] [TRACE] common - POST /api/v1/collection/
[2017-06-13 16:48:18.231] [TRACE] common - GET /api/v1/collection/list/1?limit=999
[2017-06-13 16:48:18.236] [TRACE] common - GET /api/v1/collection/593fa6d26021d51249d68245
[2017-06-13 16:48:49.399] [TRACE] common - GET /api/v1/collection/list/1
[2017-06-13 16:48:49.415] [TRACE] common - POST /api/v1/endpoint/
[2017-06-13 16:48:49.422] [TRACE] common - POST /api/v1/endpoint/593fa6f16021d51249d68246
[2017-06-13 16:48:49.573] [TRACE] common - GET /api/v1/endpoint/593fa6f16021d51249d68246
[2017-06-13 16:48:49.585] [TRACE] common - GET /api/v1/collection/list/1
[2017-06-13 16:48:49.589] [TRACE] common - GET /api/v1/collection/list/2
[2017-06-13 16:48:49.594] [TRACE] common - POST /api/v1/collection/
[2017-06-13 16:48:49.598] [TRACE] common - GET /api/v1/collection/list/1?limit=999
[2017-06-13 16:48:49.603] [TRACE] common - GET /api/v1/collection/593fa6f16021d51249d68248
[2017-06-13 16:50:06.980] [TRACE] common - GET /api/v1/collection/list/1
[2017-06-13 16:50:07.000] [TRACE] common - POST /api/v1/endpoint/
[2017-06-13 16:50:07.007] [TRACE] common - GET /api/v1/collection/593fa6f16021d51249d68248
[2017-06-13 16:50:07.017] [TRACE] common - POST /api/v1/endpoint/593fa73f6021d51249d68249
[2017-06-13 16:50:07.161] [TRACE] common - GET /api/v1/endpoint/593fa73f6021d51249d68249
[2017-06-13 16:50:07.167] [TRACE] common - GET /api/v1/collection/list/1
[2017-06-13 16:50:07.171] [TRACE] common - GET /api/v1/collection/list/2
[2017-06-13 16:50:07.180] [TRACE] common - POST /api/v1/collection/
[2017-06-13 16:50:07.184] [TRACE] common - GET /api/v1/collection/list/1?limit=999
[2017-06-13 16:50:07.190] [TRACE] common - GET /api/v1/collection/593fa73f6021d51249d6824b
[2017-06-13 16:50:25.509] [TRACE] common - GET /api/v1/collection/list/1
[2017-06-13 16:50:25.536] [TRACE] common - POST /api/v1/endpoint/
[2017-06-13 16:50:25.542] [TRACE] common - GET /api/v1/collection/593fa73f6021d51249d6824b
[2017-06-13 16:50:25.550] [TRACE] common - POST /api/v1/endpoint/593fa7516021d51249d6824c
[2017-06-13 16:50:25.703] [TRACE] common - GET /api/v1/endpoint/593fa7516021d51249d6824c
[2017-06-13 16:50:25.711] [TRACE] common - GET /api/v1/collection/list/1
[2017-06-13 16:50:25.716] [TRACE] common - GET /api/v1/collection/list/2
[2017-06-13 16:50:25.720] [TRACE] common - POST /api/v1/collection/
[2017-06-13 16:50:25.724] [TRACE] common - GET /api/v1/collection/list/1?limit=999
[2017-06-13 16:50:25.729] [TRACE] common - GET /api/v1/collection/593fa7516021d51249d6824e
[2017-06-13 16:50:38.746] [TRACE] common - GET /api/v1/collection/list/1
[2017-06-13 16:50:38.762] [TRACE] common - POST /api/v1/endpoint/
[2017-06-13 16:50:38.771] [TRACE] common - GET /api/v1/collection/593fa7516021d51249d6824e
[2017-06-13 16:50:38.778] [TRACE] common - POST /api/v1/endpoint/593fa75e6021d51249d6824f
[2017-06-13 16:50:38.934] [TRACE] common - GET /api/v1/endpoint/593fa75e6021d51249d6824f
[2017-06-13 16:50:38.940] [TRACE] common - GET /api/v1/collection/list/1
[2017-06-13 16:50:38.944] [TRACE] common - GET /api/v1/collection/list/2
[2017-06-13 16:50:38.948] [TRACE] common - POST /api/v1/collection/
[2017-06-13 16:50:38.953] [TRACE] common - GET /api/v1/collection/list/1?limit=999
[2017-06-13 16:50:38.966] [TRACE] common - GET /api/v1/collection/593fa75e6021d51249d68251
[2017-06-13 16:51:32.490] [TRACE] common - GET /api/v1/collection/list/1
[2017-06-13 16:51:32.506] [TRACE] common - GET /api/v1/collection/593fa75e6021d51249d68251
[2017-06-13 16:51:32.513] [TRACE] common - POST /api/v1/endpoint/
[2017-06-13 16:51:32.522] [TRACE] common - GET /api/v1/collection/593fa75e6021d51249d68251
[2017-06-13 16:51:32.530] [TRACE] common - POST /api/v1/endpoint/593fa7946021d51249d68252
[2017-06-13 16:51:32.668] [TRACE] common - GET /api/v1/endpoint/593fa7946021d51249d68252
[2017-06-13 16:51:32.678] [TRACE] common - GET /api/v1/collection/list/1
[2017-06-13 16:51:32.686] [TRACE] common - GET /api/v1/collection/list/2
[2017-06-13 16:51:32.692] [TRACE] common - POST /api/v1/collection/
[2017-06-13 16:51:32.696] [TRACE] common - GET /api/v1/collection/list/1?limit=999
[2017-06-13 16:51:32.700] [TRACE] common - GET /api/v1/collection/593fa7946021d51249d68254
[2017-06-13 16:53:11.693] [TRACE] common - GET /api/v1/collection/list/1
[2017-06-13 16:53:11.709] [TRACE] common - GET /api/v1/collection/593fa7946021d51249d68254
[2017-06-13 16:53:11.715] [TRACE] common - POST /api/v1/endpoint/
[2017-06-13 16:53:11.722] [TRACE] common - GET /api/v1/collection/593fa7946021d51249d68254
[2017-06-13 16:53:11.730] [TRACE] common - POST /api/v1/endpoint/593fa7f76021d51249d68255
[2017-06-13 16:53:11.862] [TRACE] common - GET /api/v1/endpoint/593fa7f76021d51249d68255
[2017-06-13 16:53:11.868] [TRACE] common - GET /api/v1/collection/list/1
[2017-06-13 16:53:11.873] [TRACE] common - GET /api/v1/collection/list/2
[2017-06-13 16:53:11.877] [TRACE] common - POST /api/v1/collection/
[2017-06-13 16:53:11.882] [TRACE] common - GET /api/v1/collection/list/1?limit=999
[2017-06-13 16:53:11.886] [TRACE] common - GET /api/v1/collection/593fa7f76021d51249d68257
