[2017-06-08 10:33:23.865] [TRACE] common - POST /api/v1/endpoint/5937cd448726ea2b4f34b5fd
[2017-06-08 10:33:47.953] [TRACE] common - POST /api/v1/endpoint/5937cd448726ea2b4f34b5fd
[2017-06-08 10:34:37.314] [TRACE] common - GET /api/v1/endpoint/5937cd448726ea2b4f34b5fd
[2017-06-08 10:36:29.387] [TRACE] common - GET /api/v1/endpoint/5937cd448726ea2b4f34b5fd
[2017-06-08 10:37:28.682] [TRACE] common - GET /api/v1/endpoint/5937cd448726ea2b4f34b5fd
[2017-06-08 10:41:59.461] [TRACE] common - GET /api/v1/endpoint/5937cd448726ea2b4f34b5fd
[2017-06-08 10:43:08.664] [TRACE] common - GET /api/v1/endpoint/5937cd448726ea2b4f34b5fd
[2017-06-08 10:43:55.503] [TRACE] common - GET /api/v1/endpoint/5937cd448726ea2b4f34b5fd
[2017-06-08 10:45:31.307] [TRACE] common - POST /api/v1/endpoint/5937cd448726ea2b4f34b5fd
[2017-06-08 10:46:01.881] [TRACE] common - GET /api/v1/endpoint/5937cd448726ea2b4f34b5fd
[2017-06-08 11:32:36.456] [TRACE] common - GET /api/v1/endpoint/5937cd448726ea2b4f34b5fd
[2017-06-08 11:39:57.187] [TRACE] common - GET /api/v1/collection/list/1
[2017-06-08 11:42:18.884] [TRACE] common - GET /api/v1/collection/list/1
[2017-06-08 11:42:39.546] [TRACE] common - GET /api/v1/collection/list/1
[2017-06-08 11:43:35.879] [TRACE] common - GET /api/v1/collection/list/1
[2017-06-08 11:44:55.735] [TRACE] common - GET /api/v1/collection/list/1
[2017-06-08 11:45:28.715] [TRACE] common - GET /api/v1/collection/list/1
[2017-06-08 11:45:48.814] [TRACE] common - GET /api/v1/collection/list/1
[2017-06-08 11:47:35.172] [TRACE] common - GET /api/v1/collection/list/1
[2017-06-08 11:47:46.894] [TRACE] common - POST /api/v1/collection
[2017-06-08 19:18:28.596] [TRACE] common - POST /api/v1/collection
[2017-06-08 19:19:10.139] [TRACE] common - POST /api/v1/collection
[2017-06-08 19:19:24.891] [TRACE] common - POST /api/v1/collection
[2017-06-08 19:21:14.339] [TRACE] common - POST /api/v1/collection/
[2017-06-08 19:21:14.357] [TRACE] common - GET /api/v1/collection/list/1
[2017-06-08 19:22:56.133] [TRACE] common - POST /api/v1/collection/
[2017-06-08 19:22:56.154] [TRACE] common - GET /api/v1/collection/list/1
[2017-06-08 19:23:56.832] [TRACE] common - POST /api/v1/collection/
[2017-06-08 19:23:56.848] [TRACE] common - GET /api/v1/collection/list/1
[2017-06-08 19:23:56.854] [TRACE] common - GET /api/v1/collection/list/2
[2017-06-08 19:25:48.745] [TRACE] common - POST /api/v1/collection/
[2017-06-08 19:25:48.763] [TRACE] common - GET /api/v1/collection/list/1
[2017-06-08 19:25:48.777] [TRACE] common - GET /api/v1/collection/list/2
[2017-06-08 20:06:57.095] [TRACE] common - GET /api/v1/collection/list/1
[2017-06-08 20:06:57.122] [TRACE] common - POST /api/v1/collection/
[2017-06-08 20:08:40.184] [TRACE] common - POST /api/v1/collection/
[2017-06-08 20:08:40.201] [TRACE] common - GET /api/v1/collection/list/1
[2017-06-08 20:08:40.213] [TRACE] common - GET /api/v1/collection/list/2
[2017-06-08 20:09:07.654] [TRACE] common - GET /api/v1/collection/list/1
[2017-06-08 20:09:07.670] [TRACE] common - GET /api/v1/collection/list/2
[2017-06-08 20:09:07.678] [TRACE] common - POST /api/v1/collection/
[2017-06-08 20:09:32.863] [TRACE] common - GET /api/v1/collection/list/1
[2017-06-08 20:09:32.878] [TRACE] common - GET /api/v1/collection/list/2
[2017-06-08 20:09:32.884] [TRACE] common - POST /api/v1/collection/
[2017-06-08 20:09:32.890] [TRACE] common - GET /api/v1/collection/list/1?limit=999
[2017-06-08 20:09:46.823] [TRACE] common - GET /api/v1/collection/list/1
[2017-06-08 20:09:46.840] [TRACE] common - GET /api/v1/collection/list/2
[2017-06-08 20:09:46.850] [TRACE] common - POST /api/v1/collection/
[2017-06-08 20:09:46.857] [TRACE] common - GET /api/v1/collection/list/1?limit=999
[2017-06-08 20:10:08.408] [TRACE] common - POST /api/v1/collection/
[2017-06-08 20:10:08.426] [TRACE] common - GET /api/v1/collection/list/1
[2017-06-08 20:10:08.438] [TRACE] common - GET /api/v1/collection/list/2
[2017-06-08 20:11:01.927] [TRACE] common - GET /api/v1/collection/list/1
[2017-06-08 20:11:01.946] [TRACE] common - GET /api/v1/collection/list/2
[2017-06-08 20:11:01.956] [TRACE] common - POST /api/v1/collection/
[2017-06-08 20:11:01.960] [TRACE] common - GET /api/v1/collection/list/1?limit=999
[2017-06-08 20:12:59.414] [TRACE] common - GET /api/v1/collection/list/1
[2017-06-08 20:12:59.429] [TRACE] common - GET /api/v1/collection/list/2
[2017-06-08 20:12:59.436] [TRACE] common - POST /api/v1/collection/
[2017-06-08 20:12:59.442] [TRACE] common - GET /api/v1/collection/list/1?limit=999
[2017-06-08 20:53:26.793] [TRACE] common - GET /api/v1/collection/list/1
[2017-06-08 20:53:26.808] [TRACE] common - GET /api/v1/collection/list/2
[2017-06-08 20:53:26.815] [TRACE] common - POST /api/v1/collection/
[2017-06-08 20:53:26.819] [TRACE] common - GET /api/v1/collection/list/1?limit=999
[2017-06-08 21:11:38.334] [TRACE] common - GET /api/v1/collection/list/1
[2017-06-08 21:11:38.349] [TRACE] common - GET /api/v1/collection/list/2
[2017-06-08 21:11:38.356] [TRACE] common - POST /api/v1/collection/
[2017-06-08 21:11:38.361] [TRACE] common - GET /api/v1/collection/list/1?limit=999
